This is pdfTeX, Version 3.1415926-2.3-1.40.12 (TeX Live 2011) (format=pdflatex 2011.7.3)  20 MAY 2012 22:17
entering extended mode
 restricted \write18 enabled.
 %&-line parsing enabled.
**technical
(./technical.tex
LaTeX2e <2009/09/24>
Babel <v3.8l> and hyphenation patterns for english, dumylang, nohyphenation, ge
rman-x-2009-06-19, ngerman-x-2009-06-19, afrikaans, ancientgreek, ibycus, arabi
c, armenian, basque, bulgarian, catalan, pinyin, coptic, croatian, czech, danis
h, dutch, ukenglish, usenglishmax, esperanto, estonian, ethiopic, farsi, finnis
h, french, galician, german, ngerman, swissgerman, monogreek, greek, hungarian,
 icelandic, assamese, bengali, gujarati, hindi, kannada, malayalam, marathi, or
iya, panjabi, tamil, telugu, indonesian, interlingua, irish, italian, kurmanji,
 lao, latin, latvian, lithuanian, mongolian, mongolianlmc, bokmal, nynorsk, pol
ish, portuguese, romanian, russian, sanskrit, serbian, serbianc, slovak, sloven
ian, spanish, swedish, turkish, turkmen, ukrainian, uppersorbian, welsh, loaded
.
(/usr/local/texlive/2011/texmf-dist/tex/latex/base/article.cls
Document Class: article 2007/10/19 v1.4h Standard LaTeX document class
(/usr/local/texlive/2011/texmf-dist/tex/latex/base/size12.clo
File: size12.clo 2007/10/19 v1.4h Standard LaTeX file (size option)
)
\c@part=\count79
\c@section=\count80
\c@subsection=\count81
\c@subsubsection=\count82
\c@paragraph=\count83
\c@subparagraph=\count84
\c@figure=\count85
\c@table=\count86
\abovecaptionskip=\skip41
\belowcaptionskip=\skip42
\bibindent=\dimen102
)
(/usr/local/texlive/2011/texmf-dist/tex/latex/preprint/fullpage.sty
Package: fullpage 1999/02/23 1.1 (PWD)
\FP@margin=\skip43
)
(/usr/local/texlive/2011/texmf-dist/tex/latex/psnfss/times.sty
Package: times 2005/04/12 PSNFSS-v9.2a (SPQR) 
)
(./technical.aux)
\openout1 = `technical.aux'.

LaTeX Font Info:    Checking defaults for OML/cmm/m/it on input line 12.
LaTeX Font Info:    ... okay on input line 12.
LaTeX Font Info:    Checking defaults for T1/cmr/m/n on input line 12.
LaTeX Font Info:    ... okay on input line 12.
LaTeX Font Info:    Checking defaults for OT1/cmr/m/n on input line 12.
LaTeX Font Info:    ... okay on input line 12.
LaTeX Font Info:    Checking defaults for OMS/cmsy/m/n on input line 12.
LaTeX Font Info:    ... okay on input line 12.
LaTeX Font Info:    Checking defaults for OMX/cmex/m/n on input line 12.
LaTeX Font Info:    ... okay on input line 12.
LaTeX Font Info:    Checking defaults for U/cmr/m/n on input line 12.
LaTeX Font Info:    ... okay on input line 12.
LaTeX Font Info:    Try loading font information for OT1+ptm on input line 12.

(/usr/local/texlive/2011/texmf-dist/tex/latex/psnfss/ot1ptm.fd
File: ot1ptm.fd 2001/06/04 font definitions for OT1/ptm.
)
LaTeX Font Info:    Font shape `OT1/ptm/bx/n' in size <17.28> not available
(Font)              Font shape `OT1/ptm/b/n' tried instead on input line 14.

Overfull \hbox (6.74875pt too wide) in paragraph at lines 70--85
\OT1/ptm/m/n/12 Carnegie Mel-lon Uni-ver-sity so that all ma-jors and many non-
ma-jors take two pro-gram-ming courses---
 []

[1

{/usr/local/texlive/2011/texmf-var/fonts/map/pdftex/updmap/pdftex.map}]
Overfull \hbox (3.2686pt too wide) in paragraph at lines 86--97
\OT1/ptm/m/n/12 con-sider the re-cent ad-vent of \OT1/ptm/m/it/12 web-scale \OT
1/ptm/m/n/12 courses, such as Mas-sively Open On-line Courses (MOOCs),
 []

[2]
LaTeX Font Info:    Try loading font information for OMS+ptm on input line 170.

 (/usr/local/texlive/2011/texmf-dist/tex/latex/psnfss/omsptm.fd
File: omsptm.fd 
)
LaTeX Font Info:    Font shape `OMS/ptm/m/n' in size <12> not available
(Font)              Font shape `OMS/cmsy/m/n' tried instead on input line 170.
 [3]
LaTeX Font Info:    External font `cmex10' loaded for size
(Font)              <12> on input line 244.
LaTeX Font Info:    External font `cmex10' loaded for size
(Font)              <8> on input line 244.
LaTeX Font Info:    External font `cmex10' loaded for size
(Font)              <6> on input line 244.

[4]
LaTeX Font Info:    Font shape `OT1/ptm/bx/n' in size <14.4> not available
(Font)              Font shape `OT1/ptm/b/n' tried instead on input line 297.
LaTeX Font Info:    Font shape `OT1/ptm/bx/n' in size <12> not available
(Font)              Font shape `OT1/ptm/b/n' tried instead on input line 315.
 [5] [6] [7] [8] (./technical.bbl [9]) [10] (./technical.aux) ) 
Here is how much of TeX's memory you used:
 335 strings out of 493633
 4224 string characters out of 3143378
 55245 words of memory out of 3000000
 3688 multiletter control sequences out of 15000+200000
 15537 words of font info for 35 fonts, out of 3000000 for 9000
 831 hyphenation exceptions out of 8191
 22i,5n,19p,157b,201s stack positions out of 5000i,500n,10000p,200000b,50000s
{/usr/local/texl
ive/2011/texmf-dist/fonts/enc/dvips/base/8r.enc}</usr/local/texlive/2011/texmf-
dist/fonts/type1/public/amsfonts/cm/cmmi12.pfb></usr/local/texlive/2011/texmf-d
ist/fonts/type1/public/amsfonts/cm/cmmi8.pfb></usr/local/texlive/2011/texmf-dis
t/fonts/type1/public/amsfonts/cm/cmr12.pfb></usr/local/texlive/2011/texmf-dist/
fonts/type1/public/amsfonts/cm/cmr8.pfb></usr/local/texlive/2011/texmf-dist/fon
ts/type1/public/amsfonts/cm/cmsy10.pfb></usr/local/texlive/2011/texmf-dist/font
s/type1/urw/times/utmb8a.pfb></usr/local/texlive/2011/texmf-dist/fonts/type1/ur
w/times/utmr8a.pfb></usr/local/texlive/2011/texmf-dist/fonts/type1/urw/times/ut
mri8a.pfb>
Output written on technical.pdf (10 pages, 111917 bytes).
PDF statistics:
 70 PDF objects out of 1000 (max. 8388607)
 49 compressed objects within 1 object stream
 0 named destinations out of 1000 (max. 500000)
 1 words of extra memory for PDF output out of 10000 (max. 10000000)

